INFO :: 2025-October-01 16:54:32.932 :: C:\Personal\fz_meta\src\fz_std\base\entry_point.c:13: >>>> Entry point <<<<
INFO :: 2025-October-01 16:55:20.282 :: C:\Personal\fz_meta\src\fz_std\base\entry_point.c:13: >>>> Entry point <<<<
INFO :: 2025-October-01 16:55:27.632 :: C:\Personal\fz_meta\src\fz_std\base\entry_point.c:13: >>>> Entry point <<<<
INFO :: 2025-October-01 16:55:54.142 :: C:\Personal\fz_meta\src\fz_std\base\entry_point.c:13: >>>> Entry point <<<<
INFO :: 2025-October-01 16:57:30.270 :: C:\Personal\fz_meta\src\fz_std\base\entry_point.c:13: >>>> Entry point <<<<
INFO :: 2025-October-01 16:57:31.625 :: C:\Personal\fz_meta\src\fz_std\base\entry_point.c:13: >>>> Entry point <<<<
INFO :: 2025-October-01 16:58:06.050 :: C:\Personal\fz_meta\src\fz_std\base\entry_point.c:13: >>>> Entry point <<<<
INFO :: 2025-October-01 16:58:17.233 :: C:\Personal\fz_meta\src\fz_std\base\entry_point.c:13: >>>> Entry point <<<<
INFO :: 2025-October-01 16:58:49.836 :: C:\Personal\fz_meta\src\fz_std\base\entry_point.c:13: >>>> Entry point <<<<
INFO :: 2025-October-01 16:58:59.361 :: C:\Personal\fz_meta\src\fz_std\base\entry_point.c:13: >>>> Entry point <<<<
INFO :: 2025-October-01 17:13:39.602 :: C:\Personal\fz_meta\src\fz_std\base\entry_point.c:13: >>>> Entry point <<<<
INFO :: 2025-October-01 17:14:53.686 :: C:\Personal\fz_meta\src\fz_std\base\entry_point.c:13: >>>> Entry point <<<<
INFO :: 2025-October-01 17:14:56.391 :: C:\Personal\fz_meta\src\fz_std\base\entry_point.c:13: >>>> Entry point <<<<
INFO :: 2025-October-01 17:15:02.698 :: C:\Personal\fz_meta\src\fz_std\base\entry_point.c:13: >>>> Entry point <<<<
INFO :: 2025-October-01 17:15:08.382 :: C:\Personal\fz_meta\src\fz_std\base\entry_point.c:13: >>>> Entry point <<<<
INFO :: 2025-October-01 17:16:01.254 :: C:\Personal\fz_meta\src\fz_std\base\entry_point.c:13: >>>> Entry point <<<<
INFO :: 2025-October-01 17:18:10.036 :: C:\Personal\fz_meta\src\fz_std\base\entry_point.c:13: >>>> Entry point <<<<
INFO :: 2025-October-01 17:19:57.137 :: C:\Personal\fz_meta\src\fz_std\base\entry_point.c:13: >>>> Entry point <<<<
INFO :: 2025-October-02 08:04:45.346 :: C:\Personal\fz_meta\src\fz_std\base\entry_point.c:13: >>>> Entry point <<<<
INFO :: 2025-October-02 08:05:18.478 :: C:\Personal\fz_meta\src\fz_std\base\entry_point.c:13: >>>> Entry point <<<<
INFO :: 2025-October-02 08:05:24.250 :: C:\Personal\fz_meta\src\fz_std\base\entry_point.c:13: >>>> Entry point <<<<
INFO :: 2025-October-02 08:16:35.529 :: C:\Personal\fz_meta\src\fz_std\base\entry_point.c:13: >>>> Entry point <<<<
INFO :: 2025-October-02 08:16:59.137 :: C:\Personal\fz_meta\src\fz_std\base\entry_point.c:13: >>>> Entry point <<<<
INFO :: 2025-October-02 08:17:26.070 :: C:\Personal\fz_meta\src\fz_std\base\entry_point.c:13: >>>> Entry point <<<<
INFO :: 2025-October-02 08:36:41.355 :: C:\Personal\fz_meta\src\fz_std\base\entry_point.c:13: >>>> Entry point <<<<
FATAL :: 2025-October-02 08:36:43.217 :: C:\Personal\fz_meta\src\fzgen.c:82: Expected Token_Type: 4. Expected Token_Identifier after @
INFO :: 2025-October-02 08:36:56.250 :: C:\Personal\fz_meta\src\fz_std\base\entry_point.c:13: >>>> Entry point <<<<
INFO :: 2025-October-02 08:37:08.776 :: C:\Personal\fz_meta\src\fz_std\base\entry_point.c:13: >>>> Entry point <<<<
FATAL :: 2025-October-02 08:37:09.567 :: C:\Personal\fz_meta\src\fzgen.c:82: Expected Token_Type: 4. Expected Token_Identifier after @
INFO :: 2025-October-02 08:37:12.255 :: C:\Personal\fz_meta\src\fz_std\base\entry_point.c:13: >>>> Entry point <<<<
INFO :: 2025-October-02 08:37:31.965 :: C:\Personal\fz_meta\src\fz_std\base\entry_point.c:13: >>>> Entry point <<<<
INFO :: 2025-October-02 08:38:15.300 :: C:\Personal\fz_meta\src\fz_std\base\entry_point.c:13: >>>> Entry point <<<<
FATAL :: 2025-October-02 08:38:15.995 :: C:\Personal\fz_meta\src\fzgen.c:82: Expected Token_Type: 4. Expected Token_Identifier after @
INFO :: 2025-October-02 08:38:18.875 :: C:\Personal\fz_meta\src\fz_std\base\entry_point.c:13: >>>> Entry point <<<<
INFO :: 2025-October-02 08:38:49.065 :: C:\Personal\fz_meta\src\fz_std\base\entry_point.c:13: >>>> Entry point <<<<
INFO :: 2025-October-02 08:38:52.975 :: C:\Personal\fz_meta\src\fz_std\base\entry_point.c:13: >>>> Entry point <<<<
INFO :: 2025-October-02 08:40:04.725 :: C:\Personal\fz_meta\src\fz_std\base\entry_point.c:13: >>>> Entry point <<<<
FATAL :: 2025-October-02 08:40:33.255 :: C:\Personal\fz_meta\src\fzgen.c:97: Expected token type 1 but got 6
INFO :: 2025-October-02 08:41:27.245 :: C:\Personal\fz_meta\src\fz_std\base\entry_point.c:13: >>>> Entry point <<<<
FATAL :: 2025-October-02 08:41:27.945 :: C:\Personal\fz_meta\src\fzgen.c:97: Expected token type 1 but got 6
INFO :: 2025-October-02 08:42:12.985 :: C:\Personal\fz_meta\src\fz_std\base\entry_point.c:13: >>>> Entry point <<<<
FATAL :: 2025-October-02 08:42:14.925 :: C:\Personal\fz_meta\src\fzgen.c:97: Expected token type 1 but got 6
INFO :: 2025-October-02 08:42:21.750 :: C:\Personal\fz_meta\src\fz_std\base\entry_point.c:13: >>>> Entry point <<<<
INFO :: 2025-October-02 08:42:31.909 :: C:\Personal\fz_meta\src\fz_std\base\entry_point.c:13: >>>> Entry point <<<<
INFO :: 2025-October-02 08:50:49.223 :: C:\Personal\fz_meta\src\fz_std\base\entry_point.c:13: >>>> Entry point <<<<
INFO :: 2025-October-02 09:41:29.082 :: C:\Personal\fz_meta\src\fz_std\base\entry_point.c:13: >>>> Entry point <<<<
FATAL :: 2025-October-02 09:41:30.375 :: C:\Personal\fz_meta\src\fzgen.c:157: Expected token type 11 but got 2
INFO :: 2025-October-02 09:43:03.631 :: C:\Personal\fz_meta\src\fz_std\base\entry_point.c:13: >>>> Entry point <<<<
INFO :: 2025-October-02 09:44:57.523 :: C:\Personal\fz_meta\src\fz_std\base\entry_point.c:13: >>>> Entry point <<<<
FATAL :: 2025-October-02 09:45:39.837 :: C:\Personal\fz_meta\src\fzgen.c:157: Expected token type 11 but got 3
INFO :: 2025-October-02 09:47:06.323 :: C:\Personal\fz_meta\src\fz_std\base\entry_point.c:13: >>>> Entry point <<<<
INFO :: 2025-October-02 09:47:17.901 :: C:\Personal\fz_meta\src\fz_std\base\entry_point.c:13: >>>> Entry point <<<<
INFO :: 2025-October-02 09:47:46.170 :: C:\Personal\fz_meta\src\fz_std\base\entry_point.c:13: >>>> Entry point <<<<
INFO :: 2025-October-02 09:48:05.745 :: C:\Personal\fz_meta\src\fz_std\base\entry_point.c:13: >>>> Entry point <<<<
INFO :: 2025-October-02 09:48:34.950 :: C:\Personal\fz_meta\src\fz_std\base\entry_point.c:13: >>>> Entry point <<<<
INFO :: 2025-October-02 09:50:52.668 :: C:\Personal\fz_meta\src\fz_std\base\entry_point.c:13: >>>> Entry point <<<<
INFO :: 2025-October-02 09:53:24.092 :: C:\Personal\fz_meta\src\fz_std\base\entry_point.c:13: >>>> Entry point <<<<
INFO :: 2025-October-02 09:55:16.247 :: C:\Personal\fz_meta\src\fz_std\base\entry_point.c:13: >>>> Entry point <<<<
INFO :: 2025-October-02 09:55:32.214 :: C:\Personal\fz_meta\src\fz_std\base\entry_point.c:13: >>>> Entry point <<<<
FATAL :: 2025-October-02 09:55:33.350 :: C:\Personal\fz_meta\src\fzgen.c:157: Expected token type 11 but got 2
INFO :: 2025-October-02 09:55:36.827 :: C:\Personal\fz_meta\src\fz_std\base\entry_point.c:13: >>>> Entry point <<<<
INFO :: 2025-October-02 09:55:56.992 :: C:\Personal\fz_meta\src\fz_std\base\entry_point.c:13: >>>> Entry point <<<<
FATAL :: 2025-October-02 09:56:07.232 :: C:\Personal\fz_meta\src\fzgen.c:157: Expected token type 11 but got 2
INFO :: 2025-October-02 10:01:19.118 :: C:\Personal\fz_meta\src\fz_std\base\entry_point.c:13: >>>> Entry point <<<<
INFO :: 2025-October-02 10:02:15.424 :: C:\Personal\fz_meta\src\fz_std\base\entry_point.c:13: >>>> Entry point <<<<
INFO :: 2025-October-02 10:02:44.989 :: C:\Personal\fz_meta\src\fz_std\base\entry_point.c:13: >>>> Entry point <<<<
FATAL :: 2025-October-02 10:02:50.155 :: C:\Personal\fz_meta\src\fzgen.c:174: Expected token type 11 but got 1
INFO :: 2025-October-02 10:03:48.222 :: C:\Personal\fz_meta\src\fz_std\base\entry_point.c:13: >>>> Entry point <<<<
FATAL :: 2025-October-02 10:03:50.938 :: C:\Personal\fz_meta\src\fzgen.c:117: Unexpected token
INFO :: 2025-October-02 10:07:07.787 :: C:\Personal\fz_meta\src\fz_std\base\entry_point.c:13: >>>> Entry point <<<<
FATAL :: 2025-October-02 10:07:07.827 :: C:\Personal\fz_meta\src\lexer.c:175: Lexer: Unhandled character t

INFO :: 2025-October-02 10:08:32.980 :: C:\Personal\fz_meta\src\fz_std\base\entry_point.c:13: >>>> Entry point <<<<
INFO :: 2025-October-02 10:14:00.532 :: C:\Personal\fz_meta\src\fz_std\base\entry_point.c:13: >>>> Entry point <<<<
INFO :: 2025-October-02 10:14:08.322 :: C:\Personal\fz_meta\src\fz_std\base\entry_point.c:13: >>>> Entry point <<<<
INFO :: 2025-October-02 10:14:42.225 :: C:\Personal\fz_meta\src\fz_std\base\entry_point.c:13: >>>> Entry point <<<<
INFO :: 2025-October-02 10:20:36.908 :: C:\Personal\fz_meta\src\fz_std\base\entry_point.c:13: >>>> Entry point <<<<
INFO :: 2025-October-02 10:22:12.768 :: C:\Personal\fz_meta\src\fz_std\base\entry_point.c:13: >>>> Entry point <<<<
INFO :: 2025-October-02 10:22:19.769 :: C:\Personal\fz_meta\src\fz_std\base\entry_point.c:13: >>>> Entry point <<<<
INFO :: 2025-October-02 10:22:51.112 :: C:\Personal\fz_meta\src\fz_std\base\entry_point.c:13: >>>> Entry point <<<<
INFO :: 2025-October-02 10:23:29.840 :: C:\Personal\fz_meta\src\fz_std\base\entry_point.c:13: >>>> Entry point <<<<
INFO :: 2025-October-02 10:24:14.973 :: C:\Personal\fz_meta\src\fz_std\base\entry_point.c:13: >>>> Entry point <<<<
INFO :: 2025-October-02 10:25:06.456 :: C:\Personal\fz_meta\src\fz_std\base\entry_point.c:13: >>>> Entry point <<<<
INFO :: 2025-October-02 10:25:21.349 :: C:\Personal\fz_meta\src\fz_std\base\entry_point.c:13: >>>> Entry point <<<<
INFO :: 2025-October-02 10:25:52.333 :: C:\Personal\fz_meta\src\fz_std\base\entry_point.c:13: >>>> Entry point <<<<
INFO :: 2025-October-02 10:26:41.855 :: C:\Personal\fz_meta\src\fz_std\base\entry_point.c:13: >>>> Entry point <<<<
INFO :: 2025-October-02 10:26:47.326 :: C:\Personal\fz_meta\src\fz_std\base\entry_point.c:13: >>>> Entry point <<<<
INFO :: 2025-October-02 10:32:03.156 :: C:\Personal\fz_meta\src\fz_std\base\entry_point.c:13: >>>> Entry point <<<<
FATAL :: 2025-October-02 10:32:03.209 :: C:\Personal\fz_meta\src\fzgen.c:192: Expected token type 7 but got 1
INFO :: 2025-October-02 10:34:32.603 :: C:\Personal\fz_meta\src\fz_std\base\entry_point.c:13: >>>> Entry point <<<<
FATAL :: 2025-October-02 10:34:49.245 :: C:\Personal\fz_meta\src\fzgen.c:192: Expected token type 7 but got 1
INFO :: 2025-October-02 10:35:26.980 :: C:\Personal\fz_meta\src\fz_std\base\entry_point.c:13: >>>> Entry point <<<<
INFO :: 2025-October-02 10:37:53.748 :: C:\Personal\fz_meta\src\fz_std\base\entry_point.c:13: >>>> Entry point <<<<
INFO :: 2025-October-02 10:39:11.187 :: C:\Personal\fz_meta\src\fz_std\base\entry_point.c:13: >>>> Entry point <<<<
FATAL :: 2025-October-02 10:39:11.234 :: C:\Personal\fz_meta\src\fzgen.c:184: Unexpected global identifier: expand
INFO :: 2025-October-02 11:14:25.609 :: C:\Personal\fz_meta\src\fz_std\base\entry_point.c:13: >>>> Entry point <<<<
FATAL :: 2025-October-02 11:14:25.658 :: C:\Personal\fz_meta\src\fzgen.c:267: Unable to find table:UI_StackTable
INFO :: 2025-October-02 11:14:38.831 :: C:\Personal\fz_meta\src\fz_std\base\entry_point.c:13: >>>> Entry point <<<<
INFO :: 2025-October-02 11:15:15.858 :: C:\Personal\fz_meta\src\fz_std\base\entry_point.c:13: >>>> Entry point <<<<
INFO :: 2025-October-02 11:16:13.928 :: C:\Personal\fz_meta\src\fz_std\base\entry_point.c:13: >>>> Entry point <<<<
FATAL :: 2025-October-02 11:16:20.368 :: C:\Personal\fz_meta\src\fzgen.c:267: Unable to find table:UI_StackTable
INFO :: 2025-October-02 11:16:23.822 :: C:\Personal\fz_meta\src\fz_std\base\entry_point.c:13: >>>> Entry point <<<<
INFO :: 2025-October-02 11:16:45.808 :: C:\Personal\fz_meta\src\fz_std\base\entry_point.c:13: >>>> Entry point <<<<
FATAL :: 2025-October-02 11:17:09.864 :: C:\Personal\fz_meta\src\fzgen.c:267: Unable to find table:UI_StackTable
INFO :: 2025-October-02 11:17:12.598 :: C:\Personal\fz_meta\src\fz_std\base\entry_point.c:13: >>>> Entry point <<<<
INFO :: 2025-October-02 11:19:53.027 :: C:\Personal\fz_meta\src\fz_std\base\entry_point.c:13: >>>> Entry point <<<<
FATAL :: 2025-October-02 11:19:57.434 :: C:\Personal\fz_meta\src\fzgen.c:277: Expected token type 11 but got 6
INFO :: 2025-October-02 11:20:40.205 :: C:\Personal\fz_meta\src\fz_std\base\entry_point.c:13: >>>> Entry point <<<<
INFO :: 2025-October-02 11:21:27.803 :: C:\Personal\fz_meta\src\fz_std\base\entry_point.c:13: >>>> Entry point <<<<
INFO :: 2025-October-02 11:28:33.943 :: C:\Personal\fz_meta\src\fz_std\base\entry_point.c:13: >>>> Entry point <<<<
FATAL :: 2025-October-02 11:28:37.812 :: C:\Personal\fz_meta\src\fzgen.c:195: Unexpected global identifier: foreach
INFO :: 2025-October-02 11:29:27.356 :: C:\Personal\fz_meta\src\fz_std\base\entry_point.c:13: >>>> Entry point <<<<
INFO :: 2025-October-02 11:30:02.581 :: C:\Personal\fz_meta\src\fz_std\base\entry_point.c:13: >>>> Entry point <<<<
FATAL :: 2025-October-02 11:30:56.681 :: C:\Personal\fz_meta\src\fzgen.c:195: Unexpected global identifier: foreach
INFO :: 2025-October-02 12:03:34.733 :: C:\Personal\fz_meta\src\fz_std\base\entry_point.c:13: >>>> Entry point <<<<
INFO :: 2025-October-02 12:03:52.118 :: C:\Personal\fz_meta\src\fz_std\base\entry_point.c:13: >>>> Entry point <<<<
INFO :: 2025-October-02 12:04:02.507 :: C:\Personal\fz_meta\src\fz_std\base\entry_point.c:13: >>>> Entry point <<<<
INFO :: 2025-October-02 12:04:16.968 :: C:\Personal\fz_meta\src\fz_std\base\entry_point.c:13: >>>> Entry point <<<<
INFO :: 2025-October-02 12:05:35.752 :: C:\Personal\fz_meta\src\fz_std\base\entry_point.c:13: >>>> Entry point <<<<
FATAL :: 2025-October-02 12:06:00.574 :: C:\Personal\fz_meta\src\fzgen.c:290: Expected token type 4 but got 5
INFO :: 2025-October-02 12:06:03.460 :: C:\Personal\fz_meta\src\fz_std\base\entry_point.c:13: >>>> Entry point <<<<
INFO :: 2025-October-02 12:06:05.145 :: C:\Personal\fz_meta\src\fz_std\base\entry_point.c:13: >>>> Entry point <<<<
FATAL :: 2025-October-02 12:06:57.516 :: C:\Personal\fz_meta\src\fzgen.c:290: Expected token type 4 but got 5
INFO :: 2025-October-02 12:07:12.624 :: C:\Personal\fz_meta\src\fz_std\base\entry_point.c:13: >>>> Entry point <<<<
INFO :: 2025-October-02 12:07:25.019 :: C:\Personal\fz_meta\src\fz_std\base\entry_point.c:13: >>>> Entry point <<<<
FATAL :: 2025-October-02 12:07:34.457 :: C:\Personal\fz_meta\src\fzgen.c:290: Expected token type 4 but got 5
INFO :: 2025-October-02 12:07:37.368 :: C:\Personal\fz_meta\src\fz_std\base\entry_point.c:13: >>>> Entry point <<<<
INFO :: 2025-October-02 12:08:07.154 :: C:\Personal\fz_meta\src\fz_std\base\entry_point.c:13: >>>> Entry point <<<<
INFO :: 2025-October-02 12:11:05.683 :: C:\Personal\fz_meta\src\fz_std\base\entry_point.c:13: >>>> Entry point <<<<
FATAL :: 2025-October-02 12:11:07.609 :: C:\Personal\fz_meta\src\fzgen.c:302: Expected token type 7 but got 1
INFO :: 2025-October-02 12:11:14.359 :: C:\Personal\fz_meta\src\fz_std\base\entry_point.c:13: >>>> Entry point <<<<
INFO :: 2025-October-02 12:13:30.761 :: C:\Personal\fz_meta\src\fz_std\base\entry_point.c:13: >>>> Entry point <<<<
FATAL :: 2025-October-02 12:13:33.494 :: C:\Personal\fz_meta\src\fzgen.c:294: Expected token type 4 but got 5
INFO :: 2025-October-02 12:13:55.657 :: C:\Personal\fz_meta\src\fz_std\base\entry_point.c:13: >>>> Entry point <<<<
FATAL :: 2025-October-02 12:14:37.037 :: C:\Personal\fz_meta\src\fzgen.c:294: Expected token type 4 but got 5
INFO :: 2025-October-02 12:14:39.714 :: C:\Personal\fz_meta\src\fz_std\base\entry_point.c:13: >>>> Entry point <<<<
FATAL :: 2025-October-02 12:15:19.162 :: C:\Personal\fz_meta\src\fzgen.c:294: Expected token type 4 but got 5
INFO :: 2025-October-02 12:15:25.658 :: C:\Personal\fz_meta\src\fz_std\base\entry_point.c:13: >>>> Entry point <<<<
INFO :: 2025-October-02 12:16:47.204 :: C:\Personal\fz_meta\src\fz_std\base\entry_point.c:13: >>>> Entry point <<<<
FATAL :: 2025-October-02 12:16:49.114 :: C:\Personal\fz_meta\src\fzgen.c:295: Expected token type 1 but got 7
INFO :: 2025-October-02 12:18:38.933 :: C:\Personal\fz_meta\src\fz_std\base\entry_point.c:13: >>>> Entry point <<<<
FATAL :: 2025-October-02 12:18:48.054 :: C:\Personal\fz_meta\src\fzgen.c:298: Expected token type 4 but got 7
INFO :: 2025-October-02 12:19:41.416 :: C:\Personal\fz_meta\src\fz_std\base\entry_point.c:13: >>>> Entry point <<<<
FATAL :: 2025-October-02 12:19:43.767 :: C:\Personal\fz_meta\src\fzgen.c:299: Expected token type 7 but got 1
INFO :: 2025-October-02 12:19:53.556 :: C:\Personal\fz_meta\src\fz_std\base\entry_point.c:13: >>>> Entry point <<<<
INFO :: 2025-October-02 12:21:15.334 :: C:\Personal\fz_meta\src\fz_std\base\entry_point.c:13: >>>> Entry point <<<<
FATAL :: 2025-October-02 12:21:21.858 :: C:\Personal\fz_meta\src\fzgen.c:249: Unhandled command @ on generate
INFO :: 2025-October-02 12:21:31.864 :: C:\Personal\fz_meta\src\fz_std\base\entry_point.c:13: >>>> Entry point <<<<
INFO :: 2025-October-02 12:22:15.842 :: C:\Personal\fz_meta\src\fz_std\base\entry_point.c:13: >>>> Entry point <<<<
INFO :: 2025-October-02 12:25:20.243 :: C:\Personal\fz_meta\src\fz_std\base\entry_point.c:13: >>>> Entry point <<<<
INFO :: 2025-October-02 12:26:13.596 :: C:\Personal\fz_meta\src\fz_std\base\entry_point.c:13: >>>> Entry point <<<<
INFO :: 2025-October-02 12:27:11.590 :: C:\Personal\fz_meta\src\fz_std\base\entry_point.c:13: >>>> Entry point <<<<
INFO :: 2025-October-02 12:29:51.098 :: C:\Personal\fz_meta\src\fz_std\base\entry_point.c:13: >>>> Entry point <<<<
INFO :: 2025-October-02 12:30:33.486 :: C:\Personal\fz_meta\src\fz_std\base\entry_point.c:13: >>>> Entry point <<<<
INFO :: 2025-October-02 12:30:43.860 :: C:\Personal\fz_meta\src\fz_std\base\entry_point.c:13: >>>> Entry point <<<<
INFO :: 2025-October-02 12:36:09.714 :: C:\Personal\fz_meta\src\fz_std\base\entry_point.c:13: >>>> Entry point <<<<
INFO :: 2025-October-02 12:36:11.204 :: C:\Personal\fz_meta\src\fz_std\base\entry_point.c:13: >>>> Entry point <<<<
INFO :: 2025-October-02 12:37:55.436 :: C:\Personal\fz_meta\src\fz_std\base\entry_point.c:13: >>>> Entry point <<<<
INFO :: 2025-October-02 12:38:38.061 :: C:\Personal\fz_meta\src\fz_std\base\entry_point.c:13: >>>> Entry point <<<<
INFO :: 2025-October-02 12:38:47.207 :: C:\Personal\fz_meta\src\fz_std\base\entry_point.c:13: >>>> Entry point <<<<
INFO :: 2025-October-02 12:38:48.819 :: C:\Personal\fz_meta\src\fz_std\base\entry_point.c:13: >>>> Entry point <<<<
INFO :: 2025-October-02 12:38:50.073 :: C:\Personal\fz_meta\src\fz_std\base\entry_point.c:13: >>>> Entry point <<<<
INFO :: 2025-October-02 12:39:48.078 :: C:\Personal\fz_meta\src\fz_std\base\entry_point.c:13: >>>> Entry point <<<<
INFO :: 2025-October-02 12:40:06.089 :: C:\Personal\fz_meta\src\fz_std\base\entry_point.c:13: >>>> Entry point <<<<
INFO :: 2025-October-02 12:41:19.072 :: C:\Personal\fz_meta\src\fz_std\base\entry_point.c:13: >>>> Entry point <<<<
INFO :: 2025-October-02 12:41:20.062 :: C:\Personal\fz_meta\src\fz_std\base\entry_point.c:13: >>>> Entry point <<<<
INFO :: 2025-October-02 12:42:08.931 :: C:\Personal\fz_meta\src\fz_std\base\entry_point.c:13: >>>> Entry point <<<<
INFO :: 2025-October-02 12:42:25.539 :: C:\Personal\fz_meta\src\fz_std\base\entry_point.c:13: >>>> Entry point <<<<
INFO :: 2025-October-02 12:43:48.966 :: C:\Personal\fz_meta\src\fz_std\base\entry_point.c:13: >>>> Entry point <<<<
INFO :: 2025-October-02 12:44:47.249 :: C:\Personal\fz_meta\src\fz_std\base\entry_point.c:13: >>>> Entry point <<<<
INFO :: 2025-October-02 13:19:59.425 :: C:\Personal\fz_meta\src\fz_std\base\entry_point.c:13: >>>> Entry point <<<<
INFO :: 2025-October-02 13:20:29.201 :: C:\Personal\fz_meta\src\fz_std\base\entry_point.c:13: >>>> Entry point <<<<
INFO :: 2025-October-02 13:34:38.081 :: C:\Personal\fz_meta\src\fz_std\base\entry_point.c:13: >>>> Entry point <<<<
INFO :: 2025-October-02 13:35:02.220 :: C:\Personal\fz_meta\src\fz_std\base\entry_point.c:13: >>>> Entry point <<<<
INFO :: 2025-October-02 13:35:13.819 :: C:\Personal\fz_meta\src\fz_std\base\entry_point.c:13: >>>> Entry point <<<<
INFO :: 2025-October-02 13:35:20.561 :: C:\Personal\fz_meta\src\fz_std\base\entry_point.c:13: >>>> Entry point <<<<
INFO :: 2025-October-02 13:35:52.031 :: C:\Personal\fz_meta\src\fz_std\base\entry_point.c:13: >>>> Entry point <<<<
INFO :: 2025-October-02 13:35:59.238 :: C:\Personal\fz_meta\src\fz_std\base\entry_point.c:13: >>>> Entry point <<<<
INFO :: 2025-October-02 13:36:00.654 :: C:\Personal\fz_meta\src\fz_std\base\entry_point.c:13: >>>> Entry point <<<<
INFO :: 2025-October-02 13:37:06.953 :: C:\Personal\fz_meta\src\fz_std\base\entry_point.c:13: >>>> Entry point <<<<
INFO :: 2025-October-02 13:37:08.555 :: C:\Personal\fz_meta\src\fz_std\base\entry_point.c:13: >>>> Entry point <<<<
INFO :: 2025-October-02 13:37:11.703 :: C:\Personal\fz_meta\src\fz_std\base\entry_point.c:13: >>>> Entry point <<<<
INFO :: 2025-October-02 13:37:19.181 :: C:\Personal\fz_meta\src\fz_std\base\entry_point.c:13: >>>> Entry point <<<<
INFO :: 2025-October-02 13:37:19.757 :: C:\Personal\fz_meta\src\fz_std\base\entry_point.c:13: >>>> Entry point <<<<
INFO :: 2025-October-02 13:37:19.925 :: C:\Personal\fz_meta\src\fz_std\base\entry_point.c:13: >>>> Entry point <<<<
INFO :: 2025-October-02 13:37:20.125 :: C:\Personal\fz_meta\src\fz_std\base\entry_point.c:13: >>>> Entry point <<<<
INFO :: 2025-October-02 13:37:20.458 :: C:\Personal\fz_meta\src\fz_std\base\entry_point.c:13: >>>> Entry point <<<<
INFO :: 2025-October-02 13:37:20.876 :: C:\Personal\fz_meta\src\fz_std\base\entry_point.c:13: >>>> Entry point <<<<
INFO :: 2025-October-02 13:37:22.497 :: C:\Personal\fz_meta\src\fz_std\base\entry_point.c:13: >>>> Entry point <<<<
INFO :: 2025-October-02 13:37:33.249 :: C:\Personal\fz_meta\src\fz_std\base\entry_point.c:13: >>>> Entry point <<<<
INFO :: 2025-October-02 13:38:49.282 :: C:\Personal\fz_meta\src\fz_std\base\entry_point.c:13: >>>> Entry point <<<<
INFO :: 2025-October-02 13:39:52.410 :: C:\Personal\fz_meta\src\fz_std\base\entry_point.c:13: >>>> Entry point <<<<
INFO :: 2025-October-02 13:40:11.435 :: C:\Personal\fz_meta\src\fz_std\base\entry_point.c:13: >>>> Entry point <<<<
INFO :: 2025-October-02 14:02:10.328 :: C:\Personal\fz_meta\src\fz_std\base\entry_point.c:13: >>>> Entry point <<<<
INFO :: 2025-October-02 14:02:12.911 :: C:\Personal\fz_meta\src\fz_std\base\entry_point.c:13: >>>> Entry point <<<<
INFO :: 2025-October-02 14:02:40.674 :: C:\Personal\fz_meta\src\fz_std\base\entry_point.c:13: >>>> Entry point <<<<
INFO :: 2025-October-02 14:02:48.629 :: C:\Personal\fz_meta\src\fz_std\base\entry_point.c:13: >>>> Entry point <<<<
INFO :: 2025-October-02 14:03:19.806 :: C:\Personal\fz_meta\src\fz_std\base\entry_point.c:13: >>>> Entry point <<<<
INFO :: 2025-October-02 14:03:20.496 :: C:\Personal\fz_meta\src\fz_std\base\entry_point.c:13: >>>> Entry point <<<<
INFO :: 2025-October-02 14:05:10.189 :: C:\Personal\fz_meta\src\fz_std\base\entry_point.c:13: >>>> Entry point <<<<
INFO :: 2025-October-02 14:05:23.131 :: C:\Personal\fz_meta\src\fz_std\base\entry_point.c:13: >>>> Entry point <<<<
INFO :: 2025-October-02 14:18:15.463 :: C:\Personal\fz_meta\src\fz_std\base\entry_point.c:13: >>>> Entry point <<<<
INFO :: 2025-October-02 14:18:26.238 :: C:\Personal\fz_meta\src\fz_std\base\entry_point.c:13: >>>> Entry point <<<<
INFO :: 2025-October-02 14:19:25.497 :: C:\Personal\fz_meta\src\fz_std\base\entry_point.c:13: >>>> Entry point <<<<
INFO :: 2025-October-02 14:21:45.003 :: C:\Personal\fz_meta\src\fz_std\base\entry_point.c:13: >>>> Entry point <<<<
INFO :: 2025-October-02 14:21:59.558 :: C:\Personal\fz_meta\src\fz_std\base\entry_point.c:13: >>>> Entry point <<<<
INFO :: 2025-October-02 15:24:16.888 :: C:\Personal\fz_meta\src\fz_std\base\entry_point.c:13: >>>> Entry point <<<<
INFO :: 2025-October-02 15:24:38.077 :: C:\Personal\fz_meta\src\fz_std\base\entry_point.c:13: >>>> Entry point <<<<
INFO :: 2025-October-02 15:27:32.384 :: C:\Personal\fz_meta\src\fz_std\base\entry_point.c:13: >>>> Entry point <<<<
FATAL :: 2025-October-02 15:27:36.141 :: C:\Personal\fz_meta\src\fzgen.c:605: Could not find variable (name in table UI_Stack_Table
INFO :: 2025-October-02 15:28:43.624 :: C:\Personal\fz_meta\src\fz_std\base\entry_point.c:13: >>>> Entry point <<<<
FATAL :: 2025-October-02 15:28:43.668 :: C:\Personal\fz_meta\src\fzgen.c:606: Could not find variable $(name) in table UI_Stack_Table
INFO :: 2025-October-02 15:30:09.848 :: C:\Personal\fz_meta\src\fz_std\base\entry_point.c:13: >>>> Entry point <<<<
FATAL :: 2025-October-02 15:30:09.891 :: C:\Personal\fz_meta\src\fzgen.c:607: Could not find variable $(name) in table UI_Stack_Table
INFO :: 2025-October-02 15:30:36.346 :: C:\Personal\fz_meta\src\fz_std\base\entry_point.c:13: >>>> Entry point <<<<
FATAL :: 2025-October-02 15:30:36.389 :: C:\Personal\fz_meta\src\fzgen.c:607: Could not find variable $(name) in table UI_Stack_Table
INFO :: 2025-October-02 15:31:01.736 :: C:\Personal\fz_meta\src\fz_std\base\entry_point.c:13: >>>> Entry point <<<<
INFO :: 2025-October-02 15:31:45.754 :: C:\Personal\fz_meta\src\fz_std\base\entry_point.c:13: >>>> Entry point <<<<
FATAL :: 2025-October-02 15:31:45.797 :: C:\Personal\fz_meta\src\fzgen.c:606: Could not find variable $(name) in table UI_Stack_Table
INFO :: 2025-October-02 15:31:52.750 :: C:\Personal\fz_meta\src\fz_std\base\entry_point.c:13: >>>> Entry point <<<<
INFO :: 2025-October-02 15:33:10.403 :: C:\Personal\fz_meta\src\fz_std\base\entry_point.c:13: >>>> Entry point <<<<
FATAL :: 2025-October-02 15:33:15.649 :: C:\Personal\fz_meta\src\fzgen.c:33: Wrong row parameters
INFO :: 2025-October-02 15:33:51.527 :: C:\Personal\fz_meta\src\fz_std\base\entry_point.c:13: >>>> Entry point <<<<
INFO :: 2025-October-02 15:40:45.373 :: C:\Personal\fz_meta\src\fz_std\base\entry_point.c:13: >>>> Entry point <<<<
INFO :: 2025-October-02 15:41:41.800 :: C:\Personal\fz_meta\src\fz_std\base\entry_point.c:13: >>>> Entry point <<<<
INFO :: 2025-October-02 15:57:59.898 :: C:\Personal\fz_meta\src\fz_std\base\entry_point.c:13: >>>> Entry point <<<<
INFO :: 2025-October-02 15:58:05.209 :: C:\Personal\fz_meta\src\fz_std\base\entry_point.c:13: >>>> Entry point <<<<
INFO :: 2025-October-02 15:58:57.995 :: C:\Personal\fz_meta\src\fz_std\base\entry_point.c:13: >>>> Entry point <<<<
INFO :: 2025-October-02 15:59:30.956 :: C:\Personal\fz_meta\src\fz_std\base\entry_point.c:13: >>>> Entry point <<<<
INFO :: 2025-October-02 15:59:38.173 :: C:\Personal\fz_meta\src\fz_std\base\entry_point.c:13: >>>> Entry point <<<<
INFO :: 2025-October-02 16:00:28.687 :: C:\Personal\fz_meta\src\fz_std\base\entry_point.c:13: >>>> Entry point <<<<
INFO :: 2025-October-02 16:01:21.437 :: C:\Personal\fz_meta\src\fz_std\base\entry_point.c:13: >>>> Entry point <<<<
INFO :: 2025-October-02 16:01:26.433 :: C:\Personal\fz_meta\src\fz_std\base\entry_point.c:13: >>>> Entry point <<<<
INFO :: 2025-October-02 16:04:14.553 :: C:\Personal\fz_meta\src\fz_std\base\entry_point.c:13: >>>> Entry point <<<<
FATAL :: 2025-October-02 16:04:14.603 :: C:\Personal\fz_meta\src\fzgen.c:473: Unexpected token type 8 at top level
INFO :: 2025-October-02 16:04:41.107 :: C:\Personal\fz_meta\src\fz_std\base\entry_point.c:13: >>>> Entry point <<<<
FATAL :: 2025-October-02 16:04:41.149 :: C:\Personal\fz_meta\src\fzgen.c:473: Unexpected token type 8 at top level
INFO :: 2025-October-02 16:05:03.381 :: C:\Personal\fz_meta\src\fz_std\base\entry_point.c:13: >>>> Entry point <<<<
FATAL :: 2025-October-02 16:05:12.985 :: C:\Personal\fz_meta\src\fzgen.c:473: Unexpected token type 8 at top level
INFO :: 2025-October-02 16:07:18.524 :: C:\Personal\fz_meta\src\fz_std\base\entry_point.c:13: >>>> Entry point <<<<
FATAL :: 2025-October-02 16:08:41.849 :: C:\Personal\fz_meta\src\fzgen.c:473: Unexpected token type 8 at top level
INFO :: 2025-October-02 16:08:54.490 :: C:\Personal\fz_meta\src\fz_std\base\entry_point.c:13: >>>> Entry point <<<<
INFO :: 2025-October-02 16:09:56.905 :: C:\Personal\fz_meta\src\fz_std\base\entry_point.c:13: >>>> Entry point <<<<
INFO :: 2025-October-02 16:11:50.489 :: C:\Personal\fz_meta\src\fz_std\base\entry_point.c:13: >>>> Entry point <<<<
FATAL :: 2025-October-02 16:11:53.161 :: C:\Personal\fz_meta\src\fzgen.c:470: Unexpected token type 8 at top level
INFO :: 2025-October-02 16:12:26.550 :: C:\Personal\fz_meta\src\fz_std\base\entry_point.c:13: >>>> Entry point <<<<
FATAL :: 2025-October-02 16:12:26.593 :: C:\Personal\fz_meta\src\fzgen.c:471: Unexpected token type 1 at top level
INFO :: 2025-October-02 16:12:53.095 :: C:\Personal\fz_meta\src\fz_std\base\entry_point.c:13: >>>> Entry point <<<<
INFO :: 2025-October-02 16:13:38.985 :: C:\Personal\fz_meta\src\fz_std\base\entry_point.c:13: >>>> Entry point <<<<
INFO :: 2025-October-02 16:13:50.961 :: C:\Personal\fz_meta\src\fz_std\base\entry_point.c:13: >>>> Entry point <<<<
INFO :: 2025-October-02 16:14:08.455 :: C:\Personal\fz_meta\src\fz_std\base\entry_point.c:13: >>>> Entry point <<<<
INFO :: 2025-October-02 16:14:09.881 :: C:\Personal\fz_meta\src\fz_std\base\entry_point.c:13: >>>> Entry point <<<<
INFO :: 2025-October-02 16:14:16.078 :: C:\Personal\fz_meta\src\fz_std\base\entry_point.c:13: >>>> Entry point <<<<
INFO :: 2025-October-02 16:14:29.637 :: C:\Personal\fz_meta\src\fz_std\base\entry_point.c:13: >>>> Entry point <<<<
INFO :: 2025-October-02 16:15:38.290 :: C:\Personal\fz_meta\src\fz_std\base\entry_point.c:13: >>>> Entry point <<<<
INFO :: 2025-October-02 16:15:52.212 :: C:\Personal\fz_meta\src\fz_std\base\entry_point.c:13: >>>> Entry point <<<<
INFO :: 2025-October-02 16:16:30.243 :: C:\Personal\fz_meta\src\fz_std\base\entry_point.c:13: >>>> Entry point <<<<
INFO :: 2025-October-02 16:18:41.159 :: C:\Personal\fz_meta\src\fz_std\base\entry_point.c:13: >>>> Entry point <<<<
INFO :: 2025-October-02 16:18:50.208 :: C:\Personal\fz_meta\src\fz_std\base\entry_point.c:13: >>>> Entry point <<<<
INFO :: 2025-October-02 16:19:12.976 :: C:\Personal\fz_meta\src\fz_std\base\entry_point.c:13: >>>> Entry point <<<<
INFO :: 2025-October-02 16:19:57.900 :: C:\Personal\fz_meta\src\fz_std\base\entry_point.c:13: >>>> Entry point <<<<
INFO :: 2025-October-02 16:21:23.459 :: C:\Personal\fz_meta\src\fz_std\base\entry_point.c:13: >>>> Entry point <<<<
INFO :: 2025-October-02 16:21:29.627 :: C:\Personal\fz_meta\src\fz_std\base\entry_point.c:13: >>>> Entry point <<<<
INFO :: 2025-October-02 16:21:39.503 :: C:\Personal\fz_meta\src\fz_std\base\entry_point.c:13: >>>> Entry point <<<<
INFO :: 2025-October-02 16:21:49.735 :: C:\Personal\fz_meta\src\fz_std\base\entry_point.c:13: >>>> Entry point <<<<
INFO :: 2025-October-02 16:21:53.233 :: C:\Personal\fz_meta\src\fz_std\base\entry_point.c:13: >>>> Entry point <<<<
INFO :: 2025-October-02 16:22:07.488 :: C:\Personal\fz_meta\src\fz_std\base\entry_point.c:13: >>>> Entry point <<<<
INFO :: 2025-October-02 16:22:18.376 :: C:\Personal\fz_meta\src\fz_std\base\entry_point.c:13: >>>> Entry point <<<<
INFO :: 2025-October-02 16:22:31.489 :: C:\Personal\fz_meta\src\fz_std\base\entry_point.c:13: >>>> Entry point <<<<
INFO :: 2025-October-02 16:22:40.992 :: C:\Personal\fz_meta\src\fz_std\base\entry_point.c:13: >>>> Entry point <<<<
INFO :: 2025-October-02 16:22:50.570 :: C:\Personal\fz_meta\src\fz_std\base\entry_point.c:13: >>>> Entry point <<<<
INFO :: 2025-October-02 16:25:54.035 :: C:\Personal\fz_meta\src\fz_std\base\entry_point.c:13: >>>> Entry point <<<<
INFO :: 2025-October-02 16:26:20.171 :: C:\Personal\fz_meta\src\fz_std\base\entry_point.c:13: >>>> Entry point <<<<
INFO :: 2025-October-02 16:26:27.751 :: C:\Personal\fz_meta\src\fz_std\base\entry_point.c:13: >>>> Entry point <<<<
INFO :: 2025-October-02 16:26:50.362 :: C:\Personal\fz_meta\src\fz_std\base\entry_point.c:13: >>>> Entry point <<<<
INFO :: 2025-October-02 16:27:15.517 :: C:\Personal\fz_meta\src\fz_std\base\entry_point.c:13: >>>> Entry point <<<<
INFO :: 2025-October-02 16:27:19.492 :: C:\Personal\fz_meta\src\fz_std\base\entry_point.c:13: >>>> Entry point <<<<
INFO :: 2025-October-02 16:29:04.796 :: C:\Personal\fz_meta\src\fz_std\base\entry_point.c:13: >>>> Entry point <<<<
INFO :: 2025-October-03 18:23:10.699 :: D:\work\fz_meta\src\fz_std\base\entry_point.c:13: >>>> Entry point <<<<
INFO :: 2025-October-03 18:24:11.654 :: D:\work\fz_meta\src\fz_std\base\entry_point.c:13: >>>> Entry point <<<<
INFO :: 2025-October-03 18:24:58.025 :: D:\work\fz_meta\src\fz_std\base\entry_point.c:13: >>>> Entry point <<<<
INFO :: 2025-October-03 18:25:02.671 :: D:\work\fz_meta\src\fz_std\base\entry_point.c:13: >>>> Entry point <<<<
INFO :: 2025-October-03 18:25:10.285 :: D:\work\fz_meta\src\fz_std\base\entry_point.c:13: >>>> Entry point <<<<
INFO :: 2025-October-03 18:26:32.523 :: D:\work\fz_meta\src\fz_std\base\entry_point.c:13: >>>> Entry point <<<<
INFO :: 2025-October-04 00:28:59.010 :: D:\work\fz_meta\src\fz_std\base\entry_point.c:13: >>>> Entry point <<<<
FATAL :: 2025-October-04 00:28:59.061 :: D:\work\fz_meta\src\fzgen.c:465: Expected token type 4 but got 1
INFO :: 2025-October-04 00:29:14.628 :: D:\work\fz_meta\src\fz_std\base\entry_point.c:13: >>>> Entry point <<<<
INFO :: 2025-October-04 00:30:48.518 :: D:\work\fz_meta\src\fz_std\base\entry_point.c:13: >>>> Entry point <<<<
FATAL :: 2025-October-04 00:31:01.148 :: D:\work\fz_meta\src\fzgen.c:543: Could not find variable $(name) in table UI_Stack_Table
INFO :: 2025-October-04 00:31:23.052 :: D:\work\fz_meta\src\fz_std\base\entry_point.c:13: >>>> Entry point <<<<
FATAL :: 2025-October-04 00:31:24.293 :: D:\work\fz_meta\src\fzgen.c:543: Could not find variable $(name) in table UI_Stack_Table
INFO :: 2025-October-04 00:31:38.319 :: D:\work\fz_meta\src\fz_std\base\entry_point.c:13: >>>> Entry point <<<<
INFO :: 2025-October-04 00:33:09.886 :: D:\work\fz_meta\src\fz_std\base\entry_point.c:13: >>>> Entry point <<<<
INFO :: 2025-October-04 00:33:18.419 :: D:\work\fz_meta\src\fz_std\base\entry_point.c:13: >>>> Entry point <<<<
INFO :: 2025-October-04 00:34:21.164 :: D:\work\fz_meta\src\fz_std\base\entry_point.c:13: >>>> Entry point <<<<
INFO :: 2025-October-04 00:34:43.999 :: D:\work\fz_meta\src\fz_std\base\entry_point.c:13: >>>> Entry point <<<<
INFO :: 2025-October-04 00:35:06.146 :: D:\work\fz_meta\src\fz_std\base\entry_point.c:13: >>>> Entry point <<<<
FATAL :: 2025-October-04 00:35:10.386 :: D:\work\fz_meta\src\fzgen.c:418: Unhandled command typedef struct UI_$(name)Node UI_$(name)Node;\nstruct UI_$(name)Node{\n  UI_$(name)Node *next;\n  $(type) v;\n}; on generate
INFO :: 2025-October-04 00:36:03.947 :: D:\work\fz_meta\src\fz_std\base\entry_point.c:13: >>>> Entry point <<<<
FATAL :: 2025-October-04 00:36:04.013 :: D:\work\fz_meta\src\fzgen.c:464: Expected token type 4 but got 8
INFO :: 2025-October-04 00:36:37.995 :: D:\work\fz_meta\src\fz_std\base\entry_point.c:13: >>>> Entry point <<<<
INFO :: 2025-October-04 00:37:38.793 :: D:\work\fz_meta\src\fz_std\base\entry_point.c:13: >>>> Entry point <<<<
INFO :: 2025-October-04 00:38:02.862 :: D:\work\fz_meta\src\fz_std\base\entry_point.c:13: >>>> Entry point <<<<
INFO :: 2025-October-04 00:45:26.070 :: D:\work\fz_meta\src\fz_std\base\entry_point.c:13: >>>> Entry point <<<<
FATAL :: 2025-October-04 00:45:26.120 :: D:\work\fz_meta\src\fzgen.c:544: Could not find variable $(size) in table UI_Stacks
INFO :: 2025-October-04 00:45:35.702 :: D:\work\fz_meta\src\fz_std\base\entry_point.c:13: >>>> Entry point <<<<
INFO :: 2025-October-04 00:47:33.701 :: D:\work\fz_meta\src\fz_std\base\entry_point.c:13: >>>> Entry point <<<<
INFO :: 2025-October-04 00:48:19.699 :: D:\work\fz_meta\src\fz_std\base\entry_point.c:13: >>>> Entry point <<<<
FATAL :: 2025-October-04 00:48:19.745 :: D:\work\fz_meta\src\fzgen.c:465: Expected token type 3 but got 0
INFO :: 2025-October-04 00:48:27.258 :: D:\work\fz_meta\src\fz_std\base\entry_point.c:13: >>>> Entry point <<<<
INFO :: 2025-October-04 00:48:33.228 :: D:\work\fz_meta\src\fz_std\base\entry_point.c:13: >>>> Entry point <<<<
FATAL :: 2025-October-04 00:48:33.276 :: D:\work\fz_meta\src\fzgen.c:465: Expected token type 3 but got 0
INFO :: 2025-October-04 00:48:43.213 :: D:\work\fz_meta\src\fz_std\base\entry_point.c:13: >>>> Entry point <<<<
FATAL :: 2025-October-04 00:48:43.260 :: D:\work\fz_meta\src\fzgen.c:465: Expected token type 3 but got 0
INFO :: 2025-October-04 00:49:23.088 :: D:\work\fz_meta\src\fz_std\base\entry_point.c:13: >>>> Entry point <<<<
INFO :: 2025-October-04 00:49:31.011 :: D:\work\fz_meta\src\fz_std\base\entry_point.c:13: >>>> Entry point <<<<
INFO :: 2025-October-04 00:49:39.703 :: D:\work\fz_meta\src\fz_std\base\entry_point.c:13: >>>> Entry point <<<<
INFO :: 2025-October-04 00:51:28.306 :: D:\work\fz_meta\src\fz_std\base\entry_point.c:13: >>>> Entry point <<<<
INFO :: 2025-October-04 00:51:52.405 :: D:\work\fz_meta\src\fz_std\base\entry_point.c:13: >>>> Entry point <<<<
INFO :: 2025-October-04 00:52:23.129 :: D:\work\fz_meta\src\fz_std\base\entry_point.c:13: >>>> Entry point <<<<
INFO :: 2025-October-04 00:52:59.779 :: D:\work\fz_meta\src\fz_std\base\entry_point.c:13: >>>> Entry point <<<<
FATAL :: 2025-October-04 00:52:59.830 :: D:\work\fz_meta\src\fzgen.c:432: Unexpected global identifier: inline
INFO :: 2025-October-04 00:53:10.159 :: D:\work\fz_meta\src\fz_std\base\entry_point.c:13: >>>> Entry point <<<<
INFO :: 2025-October-04 00:54:35.450 :: D:\work\fz_meta\src\fz_std\base\entry_point.c:13: >>>> Entry point <<<<
INFO :: 2025-October-04 00:55:10.657 :: D:\work\fz_meta\src\fz_std\base\entry_point.c:13: >>>> Entry point <<<<
INFO :: 2025-October-04 00:57:01.874 :: D:\work\fz_meta\src\fz_std\base\entry_point.c:13: >>>> Entry point <<<<
INFO :: 2025-October-04 00:57:26.776 :: D:\work\fz_meta\src\fz_std\base\entry_point.c:13: >>>> Entry point <<<<
INFO :: 2025-October-04 00:57:38.806 :: D:\work\fz_meta\src\fz_std\base\entry_point.c:13: >>>> Entry point <<<<
INFO :: 2025-October-04 00:58:01.174 :: D:\work\fz_meta\src\fz_std\base\entry_point.c:13: >>>> Entry point <<<<
INFO :: 2025-October-04 00:59:47.463 :: D:\work\fz_meta\src\fz_std\base\entry_point.c:13: >>>> Entry point <<<<
INFO :: 2025-October-04 01:00:58.674 :: D:\work\fz_meta\src\fz_std\base\entry_point.c:13: >>>> Entry point <<<<
INFO :: 2025-October-04 01:01:49.248 :: D:\work\fz_meta\src\fz_std\base\entry_point.c:13: >>>> Entry point <<<<
INFO :: 2025-October-04 01:03:27.718 :: D:\work\fz_meta\src\fz_std\base\entry_point.c:13: >>>> Entry point <<<<
INFO :: 2025-October-04 01:05:04.477 :: D:\work\fz_meta\src\fz_std\base\entry_point.c:13: >>>> Entry point <<<<
INFO :: 2025-October-04 01:05:15.630 :: D:\work\fz_meta\src\fz_std\base\entry_point.c:13: >>>> Entry point <<<<
INFO :: 2025-October-04 01:05:42.287 :: D:\work\fz_meta\src\fz_std\base\entry_point.c:13: >>>> Entry point <<<<
INFO :: 2025-October-04 01:05:51.610 :: D:\work\fz_meta\src\fz_std\base\entry_point.c:13: >>>> Entry point <<<<
INFO :: 2025-October-04 01:06:02.898 :: D:\work\fz_meta\src\fz_std\base\entry_point.c:13: >>>> Entry point <<<<
INFO :: 2025-October-04 01:07:58.704 :: D:\work\fz_meta\src\fz_std\base\entry_point.c:13: >>>> Entry point <<<<
INFO :: 2025-October-04 01:08:11.462 :: D:\work\fz_meta\src\fz_std\base\entry_point.c:13: >>>> Entry point <<<<
INFO :: 2025-October-04 01:08:24.359 :: D:\work\fz_meta\src\fz_std\base\entry_point.c:13: >>>> Entry point <<<<
INFO :: 2025-October-04 01:13:16.103 :: D:\work\fz_meta\src\fz_std\base\entry_point.c:13: >>>> Entry point <<<<
INFO :: 2025-October-04 01:13:21.065 :: D:\work\fz_meta\src\fz_std\base\entry_point.c:13: >>>> Entry point <<<<
INFO :: 2025-October-04 01:13:23.556 :: D:\work\fz_meta\src\fz_std\base\entry_point.c:13: >>>> Entry point <<<<
INFO :: 2025-October-04 01:17:14.461 :: D:\work\fz_meta\src\fz_std\base\entry_point.c:13: >>>> Entry point <<<<
INFO :: 2025-October-04 01:17:40.948 :: D:\work\fz_meta\src\fz_std\base\entry_point.c:13: >>>> Entry point <<<<
INFO :: 2025-October-04 01:17:55.476 :: D:\work\fz_meta\src\fz_std\base\entry_point.c:13: >>>> Entry point <<<<
INFO :: 2025-October-04 01:18:27.420 :: D:\work\fz_meta\src\fz_std\base\entry_point.c:13: >>>> Entry point <<<<
INFO :: 2025-October-04 01:18:37.799 :: D:\work\fz_meta\src\fz_std\base\entry_point.c:13: >>>> Entry point <<<<
INFO :: 2025-October-04 01:19:03.242 :: D:\work\fz_meta\src\fz_std\base\entry_point.c:13: >>>> Entry point <<<<
INFO :: 2025-October-04 01:19:08.331 :: D:\work\fz_meta\src\fz_std\base\entry_point.c:13: >>>> Entry point <<<<
INFO :: 2025-October-04 01:19:16.353 :: D:\work\fz_meta\src\fz_std\base\entry_point.c:13: >>>> Entry point <<<<
INFO :: 2025-October-04 01:23:59.163 :: D:\work\fz_meta\src\fz_std\base\entry_point.c:13: >>>> Entry point <<<<
INFO :: 2025-October-04 01:24:09.890 :: D:\work\fz_meta\src\fz_std\base\entry_point.c:13: >>>> Entry point <<<<
INFO :: 2025-October-04 01:24:44.982 :: D:\work\fz_meta\src\fz_std\base\entry_point.c:13: >>>> Entry point <<<<
INFO :: 2025-October-04 01:24:51.721 :: D:\work\fz_meta\src\fz_std\base\entry_point.c:13: >>>> Entry point <<<<
INFO :: 2025-October-04 09:11:59.851 :: D:\work\fz_gen\src\fz_std\base\entry_point.c:13: >>>> Entry point <<<<
INFO :: 2025-October-04 09:12:20.358 :: D:\work\fz_gen\src\fz_std\base\entry_point.c:13: >>>> Entry point <<<<
INFO :: 2025-October-04 09:12:48.085 :: D:\work\fz_gen\src\fz_std\base\entry_point.c:13: >>>> Entry point <<<<
INFO :: 2025-October-04 09:13:04.360 :: D:\work\fz_gen\src\fz_std\base\entry_point.c:13: >>>> Entry point <<<<
INFO :: 2025-October-04 09:13:59.606 :: D:\work\fz_gen\src\fz_std\base\entry_point.c:13: >>>> Entry point <<<<
INFO :: 2025-October-04 09:14:09.258 :: D:\work\fz_gen\src\fz_std\base\entry_point.c:13: >>>> Entry point <<<<
INFO :: 2025-October-04 09:14:09.564 :: D:\work\fz_gen\src\fz_std\base\entry_point.c:13: >>>> Entry point <<<<
INFO :: 2025-October-04 09:16:50.946 :: D:\work\fz_gen\src\fz_std\base\entry_point.c:13: >>>> Entry point <<<<
INFO :: 2025-October-04 09:17:35.404 :: D:\work\fz_gen\src\fz_std\base\entry_point.c:13: >>>> Entry point <<<<
INFO :: 2025-October-04 09:20:49.254 :: D:\work\fz_gen\src\fz_std\base\entry_point.c:13: >>>> Entry point <<<<
INFO :: 2025-October-04 09:21:07.725 :: D:\work\fz_gen\src\fz_std\base\entry_point.c:13: >>>> Entry point <<<<
INFO :: 2025-October-04 09:21:28.288 :: D:\work\fz_gen\src\fz_std\base\entry_point.c:13: >>>> Entry point <<<<
INFO :: 2025-October-04 09:21:31.725 :: D:\work\fz_gen\src\fz_std\base\entry_point.c:13: >>>> Entry point <<<<
INFO :: 2025-October-04 09:23:30.036 :: D:\work\fz_gen\src\fz_std\base\entry_point.c:13: >>>> Entry point <<<<
INFO :: 2025-October-04 09:29:21.200 :: D:\work\fz_gen\src\fz_std\base\entry_point.c:13: >>>> Entry point <<<<
INFO :: 2025-October-04 09:29:29.474 :: D:\work\fz_gen\src\fz_std\base\entry_point.c:13: >>>> Entry point <<<<
INFO :: 2025-October-04 09:29:42.129 :: D:\work\fz_gen\src\fz_std\base\entry_point.c:13: >>>> Entry point <<<<
INFO :: 2025-October-04 09:29:45.082 :: D:\work\fz_gen\src\fz_std\base\entry_point.c:13: >>>> Entry point <<<<
INFO :: 2025-October-04 09:29:55.017 :: D:\work\fz_gen\src\fz_std\base\entry_point.c:13: >>>> Entry point <<<<
INFO :: 2025-October-04 09:29:55.747 :: D:\work\fz_gen\src\fz_std\base\entry_point.c:13: >>>> Entry point <<<<
INFO :: 2025-October-04 09:30:28.664 :: D:\work\fz_gen\src\fz_std\base\entry_point.c:13: >>>> Entry point <<<<
INFO :: 2025-October-04 09:30:36.646 :: D:\work\fz_gen\src\fz_std\base\entry_point.c:13: >>>> Entry point <<<<
INFO :: 2025-October-04 09:31:04.499 :: D:\work\fz_gen\src\fz_std\base\entry_point.c:13: >>>> Entry point <<<<
INFO :: 2025-October-04 09:31:39.035 :: D:\work\fz_gen\src\fz_std\base\entry_point.c:13: >>>> Entry point <<<<
INFO :: 2025-October-04 09:31:41.685 :: D:\work\fz_gen\src\fz_std\base\entry_point.c:13: >>>> Entry point <<<<
INFO :: 2025-October-04 09:31:44.713 :: D:\work\fz_gen\src\fz_std\base\entry_point.c:13: >>>> Entry point <<<<
INFO :: 2025-October-04 09:33:54.006 :: D:\work\fz_gen\src\fz_std\base\entry_point.c:13: >>>> Entry point <<<<
INFO :: 2025-October-04 09:35:17.961 :: D:\work\fz_gen\src\fz_std\base\entry_point.c:13: >>>> Entry point <<<<
INFO :: 2025-October-04 09:37:55.754 :: D:\work\fz_gen\src\fz_std\base\entry_point.c:13: >>>> Entry point <<<<
INFO :: 2025-October-04 09:38:33.220 :: D:\work\fz_gen\src\fz_std\base\entry_point.c:13: >>>> Entry point <<<<
INFO :: 2025-October-04 09:42:01.059 :: D:\work\fz_gen\src\fz_std\base\entry_point.c:13: >>>> Entry point <<<<
INFO :: 2025-October-04 09:47:34.738 :: D:\work\fz_gen\src\fz_std\base\entry_point.c:13: >>>> Entry point <<<<
INFO :: 2025-October-04 09:47:46.843 :: D:\work\fz_gen\src\fz_std\base\entry_point.c:13: >>>> Entry point <<<<
INFO :: 2025-October-04 09:48:24.289 :: D:\work\fz_gen\src\fz_std\base\entry_point.c:13: >>>> Entry point <<<<
INFO :: 2025-October-04 09:48:32.417 :: D:\work\fz_gen\src\fz_std\base\entry_point.c:13: >>>> Entry point <<<<
INFO :: 2025-October-04 09:48:56.842 :: D:\work\fz_gen\src\fz_std\base\entry_point.c:13: >>>> Entry point <<<<
INFO :: 2025-October-04 09:49:35.414 :: D:\work\fz_gen\src\fz_std\base\entry_point.c:13: >>>> Entry point <<<<
INFO :: 2025-October-04 09:49:43.833 :: D:\work\fz_gen\src\fz_std\base\entry_point.c:13: >>>> Entry point <<<<
INFO :: 2025-October-04 09:49:48.124 :: D:\work\fz_gen\src\fz_std\base\entry_point.c:13: >>>> Entry point <<<<
INFO :: 2025-October-04 09:50:58.673 :: D:\work\fz_gen\src\fz_std\base\entry_point.c:13: >>>> Entry point <<<<
INFO :: 2025-October-04 09:51:02.945 :: D:\work\fz_gen\src\fz_std\base\entry_point.c:13: >>>> Entry point <<<<
INFO :: 2025-October-04 10:03:40.659 :: D:\work\fz_gen\src\fz_std\base\entry_point.c:13: >>>> Entry point <<<<
INFO :: 2025-October-04 10:03:52.780 :: D:\work\fz_gen\src\fz_std\base\entry_point.c:13: >>>> Entry point <<<<
INFO :: 2025-October-04 10:04:14.690 :: D:\work\fz_gen\src\fz_std\base\entry_point.c:13: >>>> Entry point <<<<
INFO :: 2025-October-04 10:04:19.883 :: D:\work\fz_gen\src\fz_std\base\entry_point.c:13: >>>> Entry point <<<<
INFO :: 2025-October-04 10:04:24.098 :: D:\work\fz_gen\src\fz_std\base\entry_point.c:13: >>>> Entry point <<<<
INFO :: 2025-October-04 10:04:35.816 :: D:\work\fz_gen\src\fz_std\base\entry_point.c:13: >>>> Entry point <<<<
INFO :: 2025-October-04 10:04:36.539 :: D:\work\fz_gen\src\fz_std\base\entry_point.c:13: >>>> Entry point <<<<
INFO :: 2025-October-04 10:05:43.861 :: D:\work\fz_gen\src\fz_std\base\entry_point.c:13: >>>> Entry point <<<<
INFO :: 2025-October-04 10:05:47.867 :: D:\work\fz_gen\src\fz_std\base\entry_point.c:13: >>>> Entry point <<<<
INFO :: 2025-October-04 10:05:55.901 :: D:\work\fz_gen\src\fz_std\base\entry_point.c:13: >>>> Entry point <<<<
INFO :: 2025-October-04 10:06:32.374 :: D:\work\fz_gen\src\fz_std\base\entry_point.c:13: >>>> Entry point <<<<
INFO :: 2025-October-04 10:06:46.910 :: D:\work\fz_gen\src\fz_std\base\entry_point.c:13: >>>> Entry point <<<<
INFO :: 2025-October-04 10:07:06.839 :: D:\work\fz_gen\src\fz_std\base\entry_point.c:13: >>>> Entry point <<<<
INFO :: 2025-October-04 10:07:47.543 :: D:\work\fz_gen\src\fz_std\base\entry_point.c:13: >>>> Entry point <<<<
INFO :: 2025-October-04 10:08:25.186 :: D:\work\fz_gen\src\fz_std\base\entry_point.c:13: >>>> Entry point <<<<
INFO :: 2025-October-04 10:08:49.814 :: D:\work\fz_gen\src\fz_std\base\entry_point.c:13: >>>> Entry point <<<<
INFO :: 2025-October-04 10:08:58.185 :: D:\work\fz_gen\src\fz_std\base\entry_point.c:13: >>>> Entry point <<<<
INFO :: 2025-October-04 10:09:30.531 :: D:\work\fz_gen\src\fz_std\base\entry_point.c:13: >>>> Entry point <<<<
INFO :: 2025-October-04 10:10:09.849 :: D:\work\fz_gen\src\fz_std\base\entry_point.c:13: >>>> Entry point <<<<
INFO :: 2025-October-04 10:10:34.759 :: D:\work\fz_gen\src\fz_std\base\entry_point.c:13: >>>> Entry point <<<<
INFO :: 2025-October-04 10:13:37.979 :: D:\work\fz_gen\src\fz_std\base\entry_point.c:13: >>>> Entry point <<<<
INFO :: 2025-October-04 10:13:47.603 :: D:\work\fz_gen\src\fz_std\base\entry_point.c:13: >>>> Entry point <<<<
INFO :: 2025-October-04 10:17:04.904 :: D:\work\fz_gen\src\fz_std\base\entry_point.c:13: >>>> Entry point <<<<
FATAL :: 2025-October-04 10:17:04.960 :: D:\work\fz_gen\src\fzgen.c:438: Unexpected global identifier: output
INFO :: 2025-October-04 10:17:12.315 :: D:\work\fz_gen\src\fz_std\base\entry_point.c:13: >>>> Entry point <<<<
FATAL :: 2025-October-04 10:17:12.394 :: D:\work\fz_gen\src\fzgen.c:438: Unexpected global identifier: output
INFO :: 2025-October-04 10:18:48.913 :: D:\work\fz_gen\src\fz_std\base\entry_point.c:13: >>>> Entry point <<<<
INFO :: 2025-October-04 10:21:09.625 :: D:\work\fz_gen\src\fz_std\base\entry_point.c:13: >>>> Entry point <<<<
INFO :: 2025-October-04 10:21:50.807 :: D:\work\fz_gen\src\fz_std\base\entry_point.c:13: >>>> Entry point <<<<
INFO :: 2025-October-04 10:22:25.268 :: D:\work\fz_gen\src\fz_std\base\entry_point.c:13: >>>> Entry point <<<<
INFO :: 2025-October-04 10:22:33.752 :: D:\work\fz_gen\src\fz_std\base\entry_point.c:13: >>>> Entry point <<<<
INFO :: 2025-October-04 10:22:37.703 :: D:\work\fz_gen\src\fz_std\base\entry_point.c:13: >>>> Entry point <<<<
INFO :: 2025-October-04 10:24:07.660 :: D:\work\fz_gen\src\fz_std\base\entry_point.c:13: >>>> Entry point <<<<
INFO :: 2025-October-04 10:24:14.097 :: D:\work\fz_gen\src\fz_std\base\entry_point.c:13: >>>> Entry point <<<<
INFO :: 2025-October-04 10:24:23.621 :: D:\work\fz_gen\src\fz_std\base\entry_point.c:13: >>>> Entry point <<<<
INFO :: 2025-October-04 10:24:25.428 :: D:\work\fz_gen\src\fz_std\base\entry_point.c:13: >>>> Entry point <<<<
INFO :: 2025-October-04 10:25:33.669 :: D:\work\fz_gen\src\fz_std\base\entry_point.c:13: >>>> Entry point <<<<
INFO :: 2025-October-04 10:25:40.484 :: D:\work\fz_gen\src\fz_std\base\entry_point.c:13: >>>> Entry point <<<<
INFO :: 2025-October-04 10:25:56.158 :: D:\work\fz_gen\src\fz_std\base\entry_point.c:13: >>>> Entry point <<<<
INFO :: 2025-October-04 10:26:50.419 :: D:\work\fz_gen\src\fz_std\base\entry_point.c:13: >>>> Entry point <<<<
INFO :: 2025-October-04 10:26:57.537 :: D:\work\fz_gen\src\fz_std\base\entry_point.c:13: >>>> Entry point <<<<
INFO :: 2025-October-04 10:27:41.521 :: D:\work\fz_gen\src\fz_std\base\entry_point.c:13: >>>> Entry point <<<<
INFO :: 2025-October-04 10:29:43.580 :: D:\work\fz_gen\src\fz_std\base\entry_point.c:13: >>>> Entry point <<<<
INFO :: 2025-October-04 10:29:52.236 :: D:\work\fz_gen\src\fz_std\base\entry_point.c:13: >>>> Entry point <<<<
INFO :: 2025-October-04 10:29:55.190 :: D:\work\fz_gen\src\fz_std\base\entry_point.c:13: >>>> Entry point <<<<
INFO :: 2025-October-04 10:40:01.806 :: D:\work\fz_gen\src\fz_std\base\entry_point.c:13: >>>> Entry point <<<<
INFO :: 2025-October-04 10:40:08.374 :: D:\work\fz_gen\src\fz_std\base\entry_point.c:13: >>>> Entry point <<<<
INFO :: 2025-October-04 10:40:22.954 :: D:\work\fz_gen\src\fz_std\base\entry_point.c:13: >>>> Entry point <<<<
INFO :: 2025-October-04 10:41:39.312 :: D:\work\fz_gen\src\fz_std\base\entry_point.c:13: >>>> Entry point <<<<
INFO :: 2025-October-04 10:41:50.031 :: D:\work\fz_gen\src\fz_std\base\entry_point.c:13: >>>> Entry point <<<<
INFO :: 2025-October-04 10:41:54.327 :: D:\work\fz_gen\src\fz_std\base\entry_point.c:13: >>>> Entry point <<<<
INFO :: 2025-October-04 10:44:24.266 :: D:\work\fz_gen\src\fz_std\base\entry_point.c:13: >>>> Entry point <<<<
INFO :: 2025-October-04 10:44:31.941 :: D:\work\fz_gen\src\fz_std\base\entry_point.c:13: >>>> Entry point <<<<
INFO :: 2025-October-04 10:44:50.438 :: D:\work\fz_gen\src\fz_std\base\entry_point.c:13: >>>> Entry point <<<<
INFO :: 2025-October-04 10:45:01.900 :: D:\work\fz_gen\src\fz_std\base\entry_point.c:13: >>>> Entry point <<<<
